{
  "0 debug pnpm:scope": {
    "selected": 1
  },
  "1 debug pnpm:package-manifest": {
    "initial": {
      "name": "dxexit",
      "version": "0.0.1",
      "scripts": {
        "dev": "svelte-kit dev",
        "build": "svelte-kit build",
        "package": "svelte-kit package",
        "preview": "svelte-kit preview",
        "check": "svelte-check --tsconfig ./tsconfig.json",
        "check:watch": "svelte-check --tsconfig ./tsconfig.json --watch",
        "lint": "prettier --ignore-path .gitignore --check --plugin-search-dir=. . && eslint --ignore-path .gitignore .",
        "format": "prettier --ignore-path .gitignore --write --plugin-search-dir=. ."
      },
      "devDependencies": {
        "@sveltejs/adapter-auto": "next",
        "@sveltejs/kit": "next",
        "@typescript-eslint/eslint-plugin": "^4.31.1",
        "@typescript-eslint/parser": "^4.31.1",
        "eslint": "^7.32.0",
        "eslint-config-prettier": "^8.3.0",
        "eslint-plugin-svelte3": "^3.2.1",
        "prettier": "^2.4.1",
        "prettier-plugin-svelte": "^2.4.0",
        "svelte": "^3.44.0",
        "svelte-check": "^2.2.6",
        "svelte-preprocess": "^4.9.4",
        "tslib": "^2.3.1",
        "typescript": "^4.4.3"
      },
      "type": "module"
    },
    "prefix": "/Users/alial-hasnawi/Documents/GitHub/dxexit"
  },
  "2 debug pnpm:context": {
    "currentLockfileExists": false,
    "storeDir": "/Users/alial-hasnawi/.pnpm-store/v3",
    "virtualStoreDir": "/Users/alial-hasnawi/Documents/GitHub/dxexit/node_modules/.pnpm"
  },
  "3 debug pnpm:stage": {
    "prefix": "/Users/alial-hasnawi/Documents/GitHub/dxexit",
    "stage": "resolution_started"
  },
  "4 debug pnpm:_dependency_resolved": {
    "resolution": "registry.npmjs.org/eslint-config-prettier/8.3.0",
    "wanted": {
      "dependentId": ".",
      "name": "eslint-config-prettier",
      "rawSpec": "^8.3.0"
    }
  },
  "5 debug pnpm:progress": {
    "packageId": "registry.npmjs.org/eslint-config-prettier/8.3.0",
    "requester": "/Users/alial-hasnawi/Documents/GitHub/dxexit",
    "status": "resolved"
  },
  "6 debug pnpm:_dependency_resolved": {
    "resolution": "registry.npmjs.org/prettier/2.5.1",
    "wanted": {
      "dependentId": ".",
      "name": "prettier",
      "rawSpec": "^2.4.1"
    }
  },
  "7 debug pnpm:progress": {
    "packageId": "registry.npmjs.org/prettier/2.5.1",
    "requester": "/Users/alial-hasnawi/Documents/GitHub/dxexit",
    "status": "resolved"
  },
  "8 debug pnpm:_dependency_resolved": {
    "resolution": "registry.npmjs.org/tslib/2.3.1",
    "wanted": {
      "dependentId": ".",
      "name": "tslib",
      "rawSpec": "^2.3.1"
    }
  },
  "9 debug pnpm:progress": {
    "packageId": "registry.npmjs.org/tslib/2.3.1",
    "requester": "/Users/alial-hasnawi/Documents/GitHub/dxexit",
    "status": "resolved"
  },
  "10 debug pnpm:progress": {
    "packageId": "registry.npmjs.org/tslib/2.3.1",
    "requester": "/Users/alial-hasnawi/Documents/GitHub/dxexit",
    "status": "found_in_store"
  },
  "11 debug pnpm:fetching-progress": {
    "attempt": 1,
    "packageId": "registry.npmjs.org/eslint-config-prettier/8.3.0",
    "size": 5345,
    "status": "started"
  },
  "12 debug pnpm:progress": {
    "packageId": "registry.npmjs.org/eslint-config-prettier/8.3.0",
    "requester": "/Users/alial-hasnawi/Documents/GitHub/dxexit",
    "status": "fetched"
  },
  "13 debug pnpm:fetching-progress": {
    "attempt": 1,
    "packageId": "registry.npmjs.org/prettier/2.5.1",
    "size": 4582148,
    "status": "started"
  },
  "14 debug pnpm:_dependency_resolved": {
    "resolution": "registry.npmjs.org/prettier-plugin-svelte/2.6.0",
    "wanted": {
      "dependentId": ".",
      "name": "prettier-plugin-svelte",
      "rawSpec": "^2.4.0"
    }
  },
  "15 debug pnpm:progress": {
    "packageId": "registry.npmjs.org/prettier-plugin-svelte/2.6.0",
    "requester": "/Users/alial-hasnawi/Documents/GitHub/dxexit",
    "status": "resolved"
  },
  "16 debug pnpm:_dependency_resolved": {
    "resolution": "registry.npmjs.org/eslint-plugin-svelte3/3.4.0",
    "wanted": {
      "dependentId": ".",
      "name": "eslint-plugin-svelte3",
      "rawSpec": "^3.2.1"
    }
  },
  "17 debug pnpm:progress": {
    "packageId": "registry.npmjs.org/eslint-plugin-svelte3/3.4.0",
    "requester": "/Users/alial-hasnawi/Documents/GitHub/dxexit",
    "status": "resolved"
  },
  "18 debug pnpm:_dependency_resolved": {
    "resolution": "registry.npmjs.org/eslint/7.32.0",
    "wanted": {
      "dependentId": ".",
      "name": "eslint",
      "rawSpec": "^7.32.0"
    }
  },
  "19 debug pnpm:progress": {
    "packageId": "registry.npmjs.org/eslint/7.32.0",
    "requester": "/Users/alial-hasnawi/Documents/GitHub/dxexit",
    "status": "resolved"
  },
  "20 debug pnpm:_dependency_resolved": {
    "resolution": "registry.npmjs.org/@sveltejs/adapter-auto/1.0.0-next.10",
    "wanted": {
      "dependentId": ".",
      "name": "@sveltejs/adapter-auto",
      "rawSpec": "next"
    }
  },
  "21 debug pnpm:progress": {
    "packageId": "registry.npmjs.org/@sveltejs/adapter-auto/1.0.0-next.10",
    "requester": "/Users/alial-hasnawi/Documents/GitHub/dxexit",
    "status": "resolved"
  },
  "22 debug pnpm:_dependency_resolved": {
    "resolution": "registry.npmjs.org/svelte-check/2.3.0",
    "wanted": {
      "dependentId": ".",
      "name": "svelte-check",
      "rawSpec": "^2.2.6"
    }
  },
  "23 debug pnpm:progress": {
    "packageId": "registry.npmjs.org/svelte-check/2.3.0",
    "requester": "/Users/alial-hasnawi/Documents/GitHub/dxexit",
    "status": "resolved"
  },
  "24 debug pnpm:fetching-progress": {
    "attempt": 1,
    "packageId": "registry.npmjs.org/eslint-plugin-svelte3/3.4.0",
    "size": 13134,
    "status": "started"
  },
  "25 debug pnpm:_dependency_resolved": {
    "resolution": "registry.npmjs.org/svelte-preprocess/4.10.1",
    "wanted": {
      "dependentId": ".",
      "name": "svelte-preprocess",
      "rawSpec": "^4.9.4"
    }
  },
  "26 debug pnpm:progress": {
    "packageId": "registry.npmjs.org/svelte-preprocess/4.10.1",
    "requester": "/Users/alial-hasnawi/Documents/GitHub/dxexit",
    "status": "resolved"
  },
  "27 debug pnpm:progress": {
    "packageId": "registry.npmjs.org/eslint-plugin-svelte3/3.4.0",
    "requester": "/Users/alial-hasnawi/Documents/GitHub/dxexit",
    "status": "fetched"
  },
  "28 debug pnpm:fetching-progress": {
    "attempt": 1,
    "packageId": "registry.npmjs.org/eslint/7.32.0",
    "size": 672397,
    "status": "started"
  },
  "29 debug pnpm:fetching-progress": {
    "attempt": 1,
    "packageId": "registry.npmjs.org/prettier-plugin-svelte/2.6.0",
    "size": 48971,
    "status": "started"
  },
  "30 debug pnpm:progress": {
    "packageId": "registry.npmjs.org/prettier-plugin-svelte/2.6.0",
    "requester": "/Users/alial-hasnawi/Documents/GitHub/dxexit",
    "status": "fetched"
  },
  "31 warn pnpm:install-check": {
    "message": "Unsupported engine for registry.npmjs.org/@sveltejs/kit/1.0.0-next.230: wanted: {\"node\":\">=14.13\"} (current: {\"node\":\"v12.18.3\",\"pnpm\":\"6.24.3\"})",
    "prefix": "/Users/alial-hasnawi/Documents/GitHub/dxexit"
  },
  "32 error pnpm": {
    "code": "ERR_PNPM_UNSUPPORTED_ENGINE",
    "packageId": "registry.npmjs.org/@sveltejs/kit/1.0.0-next.230",
    "wanted": {
      "node": ">=14.13"
    },
    "current": {
      "node": "v12.18.3",
      "pnpm": "6.24.3"
    },
    "pkgsStack": [],
    "err": {
      "name": "pnpm",
      "message": "Unsupported engine for registry.npmjs.org/@sveltejs/kit/1.0.0-next.230: wanted: {\"node\":\">=14.13\"} (current: {\"node\":\"v12.18.3\",\"pnpm\":\"6.24.3\"})",
      "code": "ERR_PNPM_UNSUPPORTED_ENGINE",
      "stack": "pnpm: Unsupported engine for registry.npmjs.org/@sveltejs/kit/1.0.0-next.230: wanted: {\"node\":\">=14.13\"} (current: {\"node\":\"v12.18.3\",\"pnpm\":\"6.24.3\"})\n    at checkEngine (/Users/alial-hasnawi/pnpm-global/5/node_modules/.pnpm/pnpm@6.24.3/node_modules/pnpm/dist/pnpm.cjs:41135:16)\n    at checkPackage (/Users/alial-hasnawi/pnpm-global/5/node_modules/.pnpm/pnpm@6.24.3/node_modules/pnpm/dist/pnpm.cjs:43223:104)\n    at packageIsInstallable (/Users/alial-hasnawi/pnpm-global/5/node_modules/.pnpm/pnpm@6.24.3/node_modules/pnpm/dist/pnpm.cjs:43193:20)\n    at resolveAndFetch (/Users/alial-hasnawi/pnpm-global/5/node_modules/.pnpm/pnpm@6.24.3/node_modules/pnpm/dist/pnpm.cjs:71747:117)\n    at runMicrotasks (<anonymous>)\n    at processTicksAndRejections (internal/process/task_queues.js:97:5)\n    at async resolveDependency (/Users/alial-hasnawi/pnpm-global/5/node_modules/.pnpm/pnpm@6.24.3/node_modules/pnpm/dist/pnpm.cjs:112899:23)\n    at async resolveDependenciesOfDependency (/Users/alial-hasnawi/pnpm-global/5/node_modules/.pnpm/pnpm@6.24.3/node_modules/pnpm/dist/pnpm.cjs:112734:39)\n    at async Promise.all (index 1)\n    at async resolveDependencies (/Users/alial-hasnawi/pnpm-global/5/node_modules/.pnpm/pnpm@6.24.3/node_modules/pnpm/dist/pnpm.cjs:112701:29)"
    }
  }
}